Copyright 1986-2022 Xilinx, Inc. All Rights Reserved. Copyright 2022-2024 Advanced Micro Devices, Inc. All Rights Reserved.
----------------------------------------------------------------------------------------------------------------------------------------------------------------------
| Tool Version     : Vivado v.2024.1 (lin64) Build 5076996 Wed May 22 18:36:09 MDT 2024
| Date             : Thu Jan 16 17:24:23 2025
| Host             : seat40 running 64-bit Ubuntu 22.04.5 LTS
| Command          : report_power -file uartlite_wrapper_power_routed.rpt -pb uartlite_wrapper_power_summary_routed.pb -rpx uartlite_wrapper_power_routed.rpx
| Design           : uartlite_wrapper
| Device           : xczu28dr-ffvg1517-2-e
| Design State     : routed
| Grade            : extended
| Process          : typical
| Characterization : Production
----------------------------------------------------------------------------------------------------------------------------------------------------------------------

Power Report

Table of Contents
-----------------
1. Summary
1.1 On-Chip Components
1.2 Power Supply Summary
1.3 Confidence Level
2. Settings
2.1 Environment
2.2 Clock Constraints
3. Detailed Reports
3.1 By Hierarchy

1. Summary
----------

+--------------------------+--------------+
| Total On-Chip Power (W)  | 3.627        |
| Design Power Budget (W)  | Unspecified* |
| Power Budget Margin (W)  | NA           |
| Dynamic (W)              | 2.437        |
| Device Static (W)        | 1.190        |
| Effective TJA (C/W)      | 0.8          |
| Max Ambient (C)          | 96.9         |
| Junction Temperature (C) | 28.1         |
| Confidence Level         | Low          |
| Setting File             | ---          |
| Simulation Activity File | ---          |
| Design Nets Matched      | NA           |
+--------------------------+--------------+
* Specify Design Power Budget using, set_operating_conditions -design_power_budget <value in Watts>


1.1 On-Chip Components
----------------------

+--------------------------+-----------+----------+-----------+-----------------+
| On-Chip                  | Power (W) | Used     | Available | Utilization (%) |
+--------------------------+-----------+----------+-----------+-----------------+
| Clocks                   |     0.037 |        6 |       --- |             --- |
| CLB Logic                |     0.017 |     8324 |       --- |             --- |
|   LUT as Logic           |     0.009 |     2527 |    425280 |            0.59 |
|   LUT as Distributed RAM |     0.006 |      324 |    213600 |            0.15 |
|   LUT as Shift Register  |     0.001 |      110 |    213600 |            0.05 |
|   Register               |    <0.001 |     4122 |    850560 |            0.48 |
|   CARRY8                 |    <0.001 |       16 |     53160 |            0.03 |
|   Others                 |     0.000 |      313 |       --- |             --- |
| Signals                  |     0.013 |     6695 |       --- |             --- |
| I/O                      |     0.002 |        5 |       347 |            1.44 |
| PS8                      |     2.368 |        1 |       --- |             --- |
| Static Power             |     1.190 |          |           |                 |
|   PS Static              |     0.096 |          |           |                 |
|   PL Static              |     1.094 |          |           |                 |
| Total                    |     3.627 |          |           |                 |
+--------------------------+-----------+----------+-----------+-----------------+


1.2 Power Supply Summary
------------------------

+-----------------+-------------+-----------+-------------+------------+-------------+-------------+------------+
| Source          | Voltage (V) | Total (A) | Dynamic (A) | Static (A) | Powerup (A) | Budget (A)  | Margin (A) |
+-----------------+-------------+-----------+-------------+------------+-------------+-------------+------------+
| Vccint          |       0.850 |     0.378 |       0.079 |      0.299 |       NA    | Unspecified | NA         |
| Vccint_io       |       0.850 |     0.071 |       0.000 |      0.071 |       NA    | Unspecified | NA         |
| Vccbram         |       0.850 |     0.004 |       0.000 |      0.004 |       NA    | Unspecified | NA         |
| Vccaux          |       1.800 |     0.280 |       0.000 |      0.280 |       NA    | Unspecified | NA         |
| Vccaux_io       |       1.800 |     0.058 |       0.000 |      0.058 |       NA    | Unspecified | NA         |
| Vcco33          |       3.300 |     0.000 |       0.000 |      0.000 |       NA    | Unspecified | NA         |
| Vcco25          |       2.500 |     0.000 |       0.000 |      0.000 |       NA    | Unspecified | NA         |
| Vcco18          |       1.800 |     0.001 |       0.001 |      0.000 |       NA    | Unspecified | NA         |
| Vcco15          |       1.500 |     0.000 |       0.000 |      0.000 |       NA    | Unspecified | NA         |
| Vcco135         |       1.350 |     0.000 |       0.000 |      0.000 |       NA    | Unspecified | NA         |
| Vcco12          |       1.200 |     0.000 |       0.000 |      0.000 |       NA    | Unspecified | NA         |
| Vcco10          |       1.000 |     0.000 |       0.000 |      0.000 |       NA    | Unspecified | NA         |
| Vccadc          |       1.800 |     0.008 |       0.000 |      0.008 |       NA    | Unspecified | NA         |
| VCC_PSINTFP     |       0.850 |     0.523 |       0.490 |      0.033 |       NA    | Unspecified | NA         |
| VCC_PSINTLP     |       0.850 |     0.272 |       0.265 |      0.007 |       NA    | Unspecified | NA         |
| VPS_MGTRAVCC    |       0.850 |     0.135 |       0.134 |      0.001 |       NA    | Unspecified | NA         |
| VCC_PSINTFP_DDR |       0.850 |     0.821 |       0.816 |      0.004 |       NA    | Unspecified | NA         |
| VCC_PSPLL       |       1.200 |     0.073 |       0.071 |      0.002 |       NA    | Unspecified | NA         |
| VPS_MGTRAVTT    |       1.800 |     0.034 |       0.033 |      0.001 |       NA    | Unspecified | NA         |
| VCCO_PSDDR_504  |       1.200 |     0.677 |       0.643 |      0.034 |       NA    | Unspecified | NA         |
| VCC_PSAUX       |       1.800 |     0.002 |       0.000 |      0.002 |       NA    | Unspecified | NA         |
| VCC_PSBATT      |       1.200 |     0.000 |       0.000 |      0.000 |       NA    | Unspecified | NA         |
| VCC_PSDDR_PLL   |       1.800 |     0.001 |       0.000 |      0.001 |       NA    | Unspecified | NA         |
| VCCO_PSIO0_500  |       1.800 |     0.001 |       0.000 |      0.001 |       NA    | Unspecified | NA         |
| VCCO_PSIO1_501  |       1.800 |     0.001 |       0.000 |      0.001 |       NA    | Unspecified | NA         |
| VCCO_PSIO2_502  |       1.800 |     0.001 |       0.000 |      0.001 |       NA    | Unspecified | NA         |
| VCCO_PSIO3_503  |       1.800 |     0.001 |       0.000 |      0.001 |       NA    | Unspecified | NA         |
| VCC_PSADC       |       1.800 |     0.002 |       0.000 |      0.002 |       NA    | Unspecified | NA         |
| VCCINT_AMS      |       0.850 |     0.010 |       0.000 |      0.010 |       NA    | Unspecified | NA         |
| DACAVCC         |       0.925 |     0.008 |       0.000 |      0.008 |       NA    | Unspecified | NA         |
| DACAVCCAUX      |       1.800 |     0.000 |       0.000 |      0.000 |       NA    | Unspecified | NA         |
| DACAVTT         |       2.500 |     0.005 |       0.000 |      0.005 |       NA    | Unspecified | NA         |
| ADCAVCC         |       0.925 |     0.011 |       0.000 |      0.011 |       NA    | Unspecified | NA         |
| ADCAVCCAUX      |       1.800 |     0.049 |       0.000 |      0.049 |       NA    | Unspecified | NA         |
| VCCSDFEC        |       0.850 |     0.029 |       0.000 |      0.029 |       NA    | Unspecified | NA         |
| MGTYAVcc        |       0.900 |     0.000 |       0.000 |      0.000 |       NA    | Unspecified | NA         |
| MGTYAVtt        |       1.200 |     0.000 |       0.000 |      0.000 |       NA    | Unspecified | NA         |
| MGTYVccaux      |       1.800 |     0.000 |       0.000 |      0.000 |       NA    | Unspecified | NA         |
+-----------------+-------------+-----------+-------------+------------+-------------+-------------+------------+


1.3 Confidence Level
--------------------

+-----------------------------+------------+--------------------------------------------------------+------------------------------------------------------------------------------------------------------------+
| User Input Data             | Confidence | Details                                                | Action                                                                                                     |
+-----------------------------+------------+--------------------------------------------------------+------------------------------------------------------------------------------------------------------------+
| Design implementation state | High       | Design is routed                                       |                                                                                                            |
| Clock nodes activity        | High       | User specified more than 95% of clocks                 |                                                                                                            |
| I/O nodes activity          | Low        | More than 75% of inputs are missing user specification | Provide missing input activity with simulation results or by editing the "By Resource Type -> I/Os" view   |
| Internal nodes activity     | Medium     | User specified less than 25% of internal nodes         | Provide missing internal nodes activity with simulation results or by editing the "By Resource Type" views |
| Device models               | High       | Device models are Production                           |                                                                                                            |
|                             |            |                                                        |                                                                                                            |
| Overall confidence level    | Low        |                                                        |                                                                                                            |
+-----------------------------+------------+--------------------------------------------------------+------------------------------------------------------------------------------------------------------------+


2. Settings
-----------

2.1 Environment
---------------

+-----------------------+--------------------------+
| Ambient Temp (C)      | 25.0                     |
| ThetaJA (C/W)         | 0.8                      |
| Airflow (LFM)         | 250                      |
| Heat Sink             | medium (Medium Profile)  |
| ThetaSA (C/W)         | 1.2                      |
| Board Selection       | medium (10"x10")         |
| # of Board Layers     | 12to15 (12 to 15 Layers) |
| Board Temperature (C) | 25.0                     |
+-----------------------+--------------------------+


2.2 Clock Constraints
---------------------

+----------+--------------------------------------------------------+-----------------+
| Clock    | Domain                                                 | Constraint (ns) |
+----------+--------------------------------------------------------+-----------------+
| clk_pl_0 | uartlite_i/zynq_ultra_ps_e_0/inst/pl_clk0              |            10.0 |
| clk_pl_1 | uartlite_i/zynq_ultra_ps_e_0/inst/pl_clk_unbuffered[1] |             3.3 |
+----------+--------------------------------------------------------+-----------------+


3. Detailed Reports
-------------------

3.1 By Hierarchy
----------------

+-----------------------+-----------+
| Name                  | Power (W) |
+-----------------------+-----------+
| uartlite_wrapper      |     2.437 |
|   uartlite_i          |     2.435 |
|     ps8_0_axi_periph  |     0.063 |
|       m00_couplers    |     0.002 |
|       s00_couplers    |     0.019 |
|       s01_couplers    |     0.040 |
|       xbar            |     0.002 |
|     zynq_ultra_ps_e_0 |     2.370 |
|       inst            |     2.370 |
+-----------------------+-----------+


